<?xml version="1.0" encoding="utf-8"?><testsuites name="pytest tests"><testsuite name="pytest" errors="0" failures="0" skipped="0" tests="29" time="3.713" timestamp="2026-05-05T20:51:16.421717+00:00" hostname="agent-env-a8e5e11d-7621-4683-94dc-b24d7179f0d9"><testcase classname="backend.tests.test_backend.TestAuth" name="test_login_success" time="0.619" /><testcase classname="backend.tests.test_backend.TestAuth" name="test_login_wrong_password" time="0.297" /><testcase classname="backend.tests.test_backend.TestAuth" name="test_me_with_token" time="0.366" /><testcase classname="backend.tests.test_backend.TestAuth" name="test_me_without_token" time="0.072" /><testcase classname="backend.tests.test_backend.TestAuth" name="test_invalid_token" time="0.078" /><testcase classname="backend.tests.test_backend.TestMeta" name="test_root" time="0.070" /><testcase classname="backend.tests.test_backend.TestMeta" name="test_meta" time="0.073" /><testcase classname="backend.tests.test_backend.TestIncidents" name="test_create_critical_no_files" time="0.079" /><testcase classname="backend.tests.test_backend.TestIncidents" name="test_create_serious" time="0.074" /><testcase classname="backend.tests.test_backend.TestIncidents" name="test_create_standard" time="0.087" /><testcase classname="backend.tests.test_backend.TestIncidents" name="test_invalid_email" time="0.076" /><testcase classname="backend.tests.test_backend.TestIncidents" name="test_invalid_event_type" time="0.072" /><testcase classname="backend.tests.test_backend.TestIncidents" name="test_short_description" time="0.074" /><testcase classname="backend.tests.test_backend.TestIncidents" name="test_create_with_file_upload" time="0.223" /><testcase classname="backend.tests.test_backend.TestIncidents" name="test_reject_disallowed_extension" time="0.071" /><testcase classname="backend.tests.test_backend.TestIncidents" name="test_list_requires_auth" time="0.070" /><testcase classname="backend.tests.test_backend.TestIncidents" name="test_stats_requires_auth" time="0.069" /><testcase classname="backend.tests.test_backend.TestIncidents" name="test_list_with_auth" time="0.078" /><testcase classname="backend.tests.test_backend.TestIncidents" name="test_stats_with_auth" time="0.072" /><testcase classname="backend.tests.test_backend.TestStatus" name="test_patch_requires_auth" time="0.072" /><testcase classname="backend.tests.test_backend.TestStatus" name="test_patch_in_review" time="0.073" /><testcase classname="backend.tests.test_backend.TestStatus" name="test_patch_rejected_with_reason" time="0.076" /><testcase classname="backend.tests.test_backend.TestStatus" name="test_patch_rejected_default_reason" time="0.071" /><testcase classname="backend.tests.test_backend.TestStatus" name="test_patch_invalid_status" time="0.073" /><testcase classname="backend.tests.test_backend.TestStatus" name="test_patch_unknown_id" time="0.077" /><testcase classname="backend.tests.test_backend.TestFiles" name="test_download_requires_auth" time="0.072" /><testcase classname="backend.tests.test_backend.TestFiles" name="test_download_with_bearer" time="0.179" /><testcase classname="backend.tests.test_backend.TestFiles" name="test_download_with_query_auth" time="0.201" /><testcase classname="backend.tests.test_backend.TestPDF" name="test_pdf_download" time="0.095" /></testsuite></testsuites>