<?xml version="1.0" encoding="utf-8"?><testsuites name="pytest tests"><testsuite name="pytest" errors="0" failures="0" skipped="0" tests="11" time="1.109" timestamp="2026-05-05T20:17:56.411991+00:00" hostname="agent-env-a8e5e11d-7621-4683-94dc-b24d7179f0d9"><testcase classname="backend.tests.test_backend.TestMeta" name="test_root" time="0.284" /><testcase classname="backend.tests.test_backend.TestMeta" name="test_meta" time="0.066" /><testcase classname="backend.tests.test_backend.TestIncidents" name="test_create_critical_incident" time="0.072" /><testcase classname="backend.tests.test_backend.TestIncidents" name="test_create_serious_incident" time="0.061" /><testcase classname="backend.tests.test_backend.TestIncidents" name="test_create_standard_incident" time="0.064" /><testcase classname="backend.tests.test_backend.TestIncidents" name="test_invalid_email" time="0.075" /><testcase classname="backend.tests.test_backend.TestIncidents" name="test_invalid_event_type" time="0.063" /><testcase classname="backend.tests.test_backend.TestIncidents" name="test_short_description" time="0.072" /><testcase classname="backend.tests.test_backend.TestIncidents" name="test_list_incidents_no_objectid" time="0.069" /><testcase classname="backend.tests.test_backend.TestIncidents" name="test_stats" time="0.071" /><testcase classname="backend.tests.test_backend.TestPDF" name="test_pdf_download" time="0.091" /></testsuite></testsuites>